[2025-05-02 14:54:15] ðŸ§¹ Step 1: Cleaning up build artifacts...
[2025-05-02 14:54:15] âœ… Build artifacts cleaned up
[2025-05-02 14:54:15] ðŸ“ Step 2: Ensuring extracted directory exists...
[2025-05-02 14:54:15] âœ… Extracted directory created
[2025-05-02 14:54:15] ðŸ”§ Step 3: Preparing environment for download tests...
ðŸ”§ Preparing environment for download functionality tests...
Creating cover_letter.md: /Users/bradygeorgen/Documents/workspace/pbradygeorgen/public/extracted/cover_letter.md
âœ… Environment prepared for download functionality tests
[2025-05-02 14:54:15] âœ… Download test environment preparation attempted
[2025-05-02 14:54:15] ðŸ—ï¸ Step 4: Rebuilding the application...

> next@0.1.0 prebuild
> echo 'Running consolidated build script...'

Running consolidated build script...

> next@0.1.0 build
> ./scripts/consolidated-build.sh

ðŸš€ CONSOLIDATED BUILD PROCESS
=============================
Build timestamp: Fri May  2 14:54:15 CDT 2025
ðŸ” Step 1: Skipping linting to ensure build completes...
âœ… Linting skipped
ðŸ§¹ Step 3: Cleaning up previous build artifacts...
ðŸ” Step 3.5: Ensuring extracted content exists...
âœ… Extracted content verification completed
ðŸ”„ Step 4: Running prebuild script...
âœ… Prebuild script completed
ðŸ—ï¸ Step 5: Building the application...
âœ… Build completed successfully
ðŸ“‹ Step 6: Running postbuild script...
âœ… Postbuild script completed successfully
ðŸ“‚ Step 6.5: Creating standalone directory structure...
ðŸ”§ Step 7: Preparing environment for download functionality tests...
ðŸ§ª Step 8: Running download functionality tests...
ðŸŽ‰ Build completed successfully!
You can now run 'npm start' to start the application
Build log saved to: /Users/bradygeorgen/Documents/workspace/pbradygeorgen/logs/build-20250502-145415.log

ðŸ“Š BUILD SUMMARY
================
âœ… Linting: Passed
âœ… Prebuild: Completed
âœ… Build: Completed
âœ… Postbuild: Completed
âœ… Tests: Passed

Next steps:
1. Run 'npm start' to start the application
2. Open http://localhost:3000 in your browser
3. Test the application functionality

Build log saved to: /Users/bradygeorgen/Documents/workspace/pbradygeorgen/logs/build-20250502-145415.log

ðŸŽ­ Running enhanced build logger with Dante philosophy...
Analyzing most recent build log: build-20250502-145415.log


[1m[93m=== ENHANCED BUILD LOG ANALYSIS ====[0m


[2m[2025-05-02T19:55:33.558Z][0m âš ï¸âš¡: [33mWARNING: PDF size mismatch - content may be from a different PDF[0m
[2m[2025-05-02T19:55:33.559Z][0m ðŸ˜‡â˜€ï¸: [92m[2025-05-02T19:55:33.487Z] Test "Download pdf - Normal content download": PASSED[0m
[2m[2025-05-02T19:55:33.559Z][0m ðŸ˜‡â˜€ï¸: [92m[2025-05-02T19:55:33.498Z] Test "Download markdown - Normal content download": PASSED[0m
[2m[2025-05-02T19:55:33.559Z][0m ðŸ˜‡â˜€ï¸: [92m[2025-05-02T19:55:33.499Z] Test "Download text - Normal content download": PASSED[0m
[2m[2025-05-02T19:55:33.559Z][0m ðŸ˜‡â˜€ï¸: [92m[2025-05-02T19:55:33.501Z] Test "Download pdf - Empty content download (error handling)": PASSED[0m
[2m[2025-05-02T19:55:33.559Z][0m ðŸ˜‡â˜€ï¸: [92m[2025-05-02T19:55:33.502Z] Test "Download markdown - Empty content download (error handling)": PASSED[0m
[2m[2025-05-02T19:55:33.559Z][0m ðŸ˜‡â˜€ï¸: [92m[2025-05-02T19:55:33.504Z] Test "Download text - Empty content download (error handling)": PASSED[0m


[2m[2025-05-02T19:55:33.560Z][0m âš ï¸ðŸ”¥: [93mBuild completed with warnings[0m


[1m[36m=== RECOMMENDATIONS ====[0m
[2m[2025-05-02T19:55:33.560Z][0m âš ï¸ðŸŒŠ: [33mPDF size mismatch detected[0m
[2m[2025-05-02T19:55:33.560Z][0m ðŸ§ â³: [36mContext: The system detected a difference between the expected PDF size and the actual size.[0m
[2m[2025-05-02T19:55:33.560Z][0m ðŸ§ â³: [36mReason: This typically happens when the content being processed is from a different PDF than what the system expected.[0m
[2m[2025-05-02T19:55:33.560Z][0m ðŸ§ â³: [36mRecommendation: If you've uploaded a new PDF, this warning is normal and can be ignored. Otherwise, try running "npm run fix:standalone" to reset the content cache and rebuild the standalone directory.[0m
[2m[2025-05-02T19:55:33.560Z][0m âš ï¸âš¡: [33mIssues with standalone directory creation[0m
[2m[2025-05-02T19:55:33.560Z][0m ðŸ§ â³: [36mContext: The standalone directory is required for AWS Amplify deployment and local production testing.[0m
[2m[2025-05-02T19:55:33.560Z][0m ðŸ§ â³: [36mReason: The build process was unable to create or properly populate the standalone directory structure.[0m
[2m[2025-05-02T19:55:33.560Z][0m ðŸ§ â³: [36mRecommendation: Run "npm run fix:standalone" to manually create the standalone directory structure. This will ensure proper server-side rendering and deployment compatibility.[0m


[1m[35m=== NEXT STEPS ====[0m
[2m[2025-05-02T19:55:33.560Z][0m ðŸ“âœ…: [32mRun "npm run start" to start the application[0m
[2m[2025-05-02T19:55:33.560Z][0m ðŸ“âœ…: [32mOpen http://localhost:3000 in your browser to test the application[0m



> next@0.1.0 postbuild
> echo 'Build completed. Run npm start to start the application.'

Build completed. Run npm start to start the application.
[2025-05-02 14:55:33] âœ… Application rebuilt successfully
[2025-05-02 14:55:33] ðŸŽ‰ Application rebuild completed!
[2025-05-02 14:55:33] Rebuild log saved to: /Users/bradygeorgen/Documents/workspace/pbradygeorgen/logs/rebuild-20250502-145415.log
