Server running at http://localhost:3000/
Serving files from: /Users/bradygeorgen/Documents/workspace/pbradygeorgen/.next/standalone
Available directories:
  - .DS_Store
  - .next/
  - node_modules/
  - package.json
  - public/
  - server.js
Public directory contents:
  - .DS_Store
  - analyzed/
  - components/
  - content_manifest.json
  - cover-letters/
  - debug-styles.js
  - default_resume.pdf
  - download_test_report.json
  - downloads/
  - enhanced-pdf-viewer.html
  - extracted/
  - file.svg
  - globe.svg
  - index.html
  - next.svg
  - pdf-viewer.html
  - pdf-worker/
  - robots.txt
  - temp/
  - test-pdfs/
  - uploads/
  - vercel.svg
  - window.svg
Request: GET /
Request: GET /
Request: GET /json-view
File not found: /Users/bradygeorgen/Documents/workspace/pbradygeorgen/.next/standalone/public/json-view
Request: GET /
Request: GET /enhanced-pdf-viewer.html
Request: GET /download-test
File not found: /Users/bradygeorgen/Documents/workspace/pbradygeorgen/.next/standalone/public/download-test
Request: GET /pdf-viewer.html
Request: GET /pdf-viewer
File not found: /Users/bradygeorgen/Documents/workspace/pbradygeorgen/.next/standalone/public/pdf-viewer
Request: GET /pdf-viewer.html
Request: GET /pdf-viewer
File not found: /Users/bradygeorgen/Documents/workspace/pbradygeorgen/.next/standalone/public/pdf-viewer
Request: GET /pdf-viewer.html
Request: GET /pdf-viewer
File not found: /Users/bradygeorgen/Documents/workspace/pbradygeorgen/.next/standalone/public/pdf-viewer
Request: GET /pdf-viewer.html
Request: GET /
Request: GET /pdf-viewer
File not found: /Users/bradygeorgen/Documents/workspace/pbradygeorgen/.next/standalone/public/pdf-viewer
Request: GET /pdf-viewer.html
Request: GET /pdf-viewer
File not found: /Users/bradygeorgen/Documents/workspace/pbradygeorgen/.next/standalone/public/pdf-viewer
Request: GET /pdf-viewer.html
Request: GET /pdf-viewer
File not found: /Users/bradygeorgen/Documents/workspace/pbradygeorgen/.next/standalone/public/pdf-viewer
Request: GET /pdf-viewer.html
Request: GET /pdf-viewer
File not found: /Users/bradygeorgen/Documents/workspace/pbradygeorgen/.next/standalone/public/pdf-viewer
Request: GET /pdf-viewer.html
Request: GET /pdf-viewer
File not found: /Users/bradygeorgen/Documents/workspace/pbradygeorgen/.next/standalone/public/pdf-viewer
Request: GET /pdf-viewer.html
Request: GET /pdf-viewer
File not found: /Users/bradygeorgen/Documents/workspace/pbradygeorgen/.next/standalone/public/pdf-viewer
Request: GET /pdf-viewer.html
Request: GET /pdf-viewer
File not found: /Users/bradygeorgen/Documents/workspace/pbradygeorgen/.next/standalone/public/pdf-viewer
Request: GET /pdf-viewer.html
Request: GET /pdf-viewer
File not found: /Users/bradygeorgen/Documents/workspace/pbradygeorgen/.next/standalone/public/pdf-viewer
Request: GET /pdf-viewer.html
Request: GET /pdf-viewer
File not found: /Users/bradygeorgen/Documents/workspace/pbradygeorgen/.next/standalone/public/pdf-viewer
Request: GET /pdf-viewer.html
Request: GET /pdf-viewer
File not found: /Users/bradygeorgen/Documents/workspace/pbradygeorgen/.next/standalone/public/pdf-viewer
Request: GET /pdf-viewer.html
Request: GET /pdf-viewer
File not found: /Users/bradygeorgen/Documents/workspace/pbradygeorgen/.next/standalone/public/pdf-viewer
Request: GET /pdf-viewer.html
Request: GET /
Request: GET /pdf-viewer
File not found: /Users/bradygeorgen/Documents/workspace/pbradygeorgen/.next/standalone/public/pdf-viewer
Request: GET /pdf-viewer.html
Request: GET /pdf-viewer
File not found: /Users/bradygeorgen/Documents/workspace/pbradygeorgen/.next/standalone/public/pdf-viewer
Request: GET /pdf-viewer.html
Request: GET /pdf-viewer
File not found: /Users/bradygeorgen/Documents/workspace/pbradygeorgen/.next/standalone/public/pdf-viewer
Request: GET /pdf-viewer.html
Request: GET /pdf-viewer
File not found: /Users/bradygeorgen/Documents/workspace/pbradygeorgen/.next/standalone/public/pdf-viewer
Request: GET /pdf-viewer.html
Request: GET /pdf-viewer
File not found: /Users/bradygeorgen/Documents/workspace/pbradygeorgen/.next/standalone/public/pdf-viewer
Request: GET /pdf-viewer.html
Request: GET /pdf-viewer
File not found: /Users/bradygeorgen/Documents/workspace/pbradygeorgen/.next/standalone/public/pdf-viewer
Request: GET /pdf-viewer.html
Request: GET /pdf-viewer
File not found: /Users/bradygeorgen/Documents/workspace/pbradygeorgen/.next/standalone/public/pdf-viewer
Request: GET /pdf-viewer.html
Request: GET /pdf-viewer
File not found: /Users/bradygeorgen/Documents/workspace/pbradygeorgen/.next/standalone/public/pdf-viewer
Request: GET /pdf-viewer.html
Request: GET /pdf-viewer
File not found: /Users/bradygeorgen/Documents/workspace/pbradygeorgen/.next/standalone/public/pdf-viewer
Request: GET /pdf-viewer.html
Request: GET /pdf-viewer
File not found: /Users/bradygeorgen/Documents/workspace/pbradygeorgen/.next/standalone/public/pdf-viewer
Request: GET /pdf-viewer.html
Request: GET /pdf-viewer
File not found: /Users/bradygeorgen/Documents/workspace/pbradygeorgen/.next/standalone/public/pdf-viewer
Request: GET /pdf-viewer.html
Request: GET /pdf-viewer
File not found: /Users/bradygeorgen/Documents/workspace/pbradygeorgen/.next/standalone/public/pdf-viewer
Request: GET /pdf-viewer.html
Request: GET /pdf-viewer
File not found: /Users/bradygeorgen/Documents/workspace/pbradygeorgen/.next/standalone/public/pdf-viewer
Request: GET /pdf-viewer.html
Request: GET /pdf-viewer
File not found: /Users/bradygeorgen/Documents/workspace/pbradygeorgen/.next/standalone/public/pdf-viewer
Request: GET /pdf-viewer.html
Request: GET /pdf-viewer
File not found: /Users/bradygeorgen/Documents/workspace/pbradygeorgen/.next/standalone/public/pdf-viewer
Request: GET /pdf-viewer.html
Request: GET /pdf-viewer
File not found: /Users/bradygeorgen/Documents/workspace/pbradygeorgen/.next/standalone/public/pdf-viewer
Request: GET /pdf-viewer.html
Request: GET /pdf-viewer
File not found: /Users/bradygeorgen/Documents/workspace/pbradygeorgen/.next/standalone/public/pdf-viewer
Request: GET /pdf-viewer.html
Request: GET /pdf-viewer
File not found: /Users/bradygeorgen/Documents/workspace/pbradygeorgen/.next/standalone/public/pdf-viewer
Request: GET /pdf-viewer.html
Request: GET /
Request: GET /pdf-viewer
File not found: /Users/bradygeorgen/Documents/workspace/pbradygeorgen/.next/standalone/public/pdf-viewer
Request: GET /pdf-viewer.html
Request: GET /pdf-viewer
File not found: /Users/bradygeorgen/Documents/workspace/pbradygeorgen/.next/standalone/public/pdf-viewer
Request: GET /pdf-viewer.html
Request: GET /pdf-viewer
File not found: /Users/bradygeorgen/Documents/workspace/pbradygeorgen/.next/standalone/public/pdf-viewer
Request: GET /pdf-viewer.html
Request: GET /pdf-viewer
File not found: /Users/bradygeorgen/Documents/workspace/pbradygeorgen/.next/standalone/public/pdf-viewer
Request: GET /pdf-viewer.html
Request: GET /pdf-viewer
File not found: /Users/bradygeorgen/Documents/workspace/pbradygeorgen/.next/standalone/public/pdf-viewer
Request: GET /pdf-viewer.html
Request: GET /pdf-viewer
File not found: /Users/bradygeorgen/Documents/workspace/pbradygeorgen/.next/standalone/public/pdf-viewer
Request: GET /pdf-viewer.html
Request: GET /pdf-viewer
File not found: /Users/bradygeorgen/Documents/workspace/pbradygeorgen/.next/standalone/public/pdf-viewer
Request: GET /pdf-viewer.html
Request: GET /pdf-viewer
File not found: /Users/bradygeorgen/Documents/workspace/pbradygeorgen/.next/standalone/public/pdf-viewer
Request: GET /pdf-viewer.html
Request: GET /pdf-viewer
File not found: /Users/bradygeorgen/Documents/workspace/pbradygeorgen/.next/standalone/public/pdf-viewer
Request: GET /pdf-viewer.html
Request: GET /pdf-viewer
File not found: /Users/bradygeorgen/Documents/workspace/pbradygeorgen/.next/standalone/public/pdf-viewer
Request: GET /pdf-viewer.html
Request: GET /pdf-viewer
File not found: /Users/bradygeorgen/Documents/workspace/pbradygeorgen/.next/standalone/public/pdf-viewer
Request: GET /pdf-viewer.html
Request: GET /pdf-viewer
File not found: /Users/bradygeorgen/Documents/workspace/pbradygeorgen/.next/standalone/public/pdf-viewer
Request: GET /pdf-viewer.html
Request: GET /pdf-viewer
File not found: /Users/bradygeorgen/Documents/workspace/pbradygeorgen/.next/standalone/public/pdf-viewer
Request: GET /pdf-viewer.html
Request: GET /pdf-viewer
File not found: /Users/bradygeorgen/Documents/workspace/pbradygeorgen/.next/standalone/public/pdf-viewer
Request: GET /pdf-viewer.html
Request: GET /pdf-viewer
File not found: /Users/bradygeorgen/Documents/workspace/pbradygeorgen/.next/standalone/public/pdf-viewer
Request: GET /pdf-viewer.html
Request: GET /pdf-viewer
File not found: /Users/bradygeorgen/Documents/workspace/pbradygeorgen/.next/standalone/public/pdf-viewer
Request: GET /pdf-viewer.html
Request: GET /pdf-viewer
File not found: /Users/bradygeorgen/Documents/workspace/pbradygeorgen/.next/standalone/public/pdf-viewer
Request: GET /pdf-viewer.html
Request: GET /pdf-viewer
File not found: /Users/bradygeorgen/Documents/workspace/pbradygeorgen/.next/standalone/public/pdf-viewer
Request: GET /pdf-viewer.html
Request: GET /pdf-viewer
File not found: /Users/bradygeorgen/Documents/workspace/pbradygeorgen/.next/standalone/public/pdf-viewer
Request: GET /pdf-viewer.html
Request: GET /pdf-viewer
File not found: /Users/bradygeorgen/Documents/workspace/pbradygeorgen/.next/standalone/public/pdf-viewer
Request: GET /pdf-viewer.html
Request: GET /pdf-viewer
File not found: /Users/bradygeorgen/Documents/workspace/pbradygeorgen/.next/standalone/public/pdf-viewer
Request: GET /pdf-viewer.html
Request: GET /pdf-viewer
File not found: /Users/bradygeorgen/Documents/workspace/pbradygeorgen/.next/standalone/public/pdf-viewer
Request: GET /pdf-viewer.html
Request: GET /pdf-viewer
File not found: /Users/bradygeorgen/Documents/workspace/pbradygeorgen/.next/standalone/public/pdf-viewer
Request: GET /pdf-viewer.html
Request: GET /pdf-viewer
File not found: /Users/bradygeorgen/Documents/workspace/pbradygeorgen/.next/standalone/public/pdf-viewer
Request: GET /pdf-viewer.html
Request: GET /pdf-viewer
File not found: /Users/bradygeorgen/Documents/workspace/pbradygeorgen/.next/standalone/public/pdf-viewer
Request: GET /pdf-viewer.html
Request: GET /pdf-viewer
File not found: /Users/bradygeorgen/Documents/workspace/pbradygeorgen/.next/standalone/public/pdf-viewer
Request: GET /pdf-viewer.html
Request: GET /pdf-viewer
File not found: /Users/bradygeorgen/Documents/workspace/pbradygeorgen/.next/standalone/public/pdf-viewer
Request: GET /pdf-viewer.html
Request: GET /
Request: GET /pdf-viewer
File not found: /Users/bradygeorgen/Documents/workspace/pbradygeorgen/.next/standalone/public/pdf-viewer
Request: GET /pdf-viewer.html
Request: GET /pdf-viewer
File not found: /Users/bradygeorgen/Documents/workspace/pbradygeorgen/.next/standalone/public/pdf-viewer
Request: GET /pdf-viewer.html
Request: GET /pdf-viewer
File not found: /Users/bradygeorgen/Documents/workspace/pbradygeorgen/.next/standalone/public/pdf-viewer
Request: GET /pdf-viewer.html
Request: GET /pdf-viewer
File not found: /Users/bradygeorgen/Documents/workspace/pbradygeorgen/.next/standalone/public/pdf-viewer
Request: GET /pdf-viewer.html
Request: GET /pdf-viewer
File not found: /Users/bradygeorgen/Documents/workspace/pbradygeorgen/.next/standalone/public/pdf-viewer
Request: GET /pdf-viewer.html
Request: GET /pdf-viewer
File not found: /Users/bradygeorgen/Documents/workspace/pbradygeorgen/.next/standalone/public/pdf-viewer
Request: GET /pdf-viewer.html
Request: GET /pdf-viewer
File not found: /Users/bradygeorgen/Documents/workspace/pbradygeorgen/.next/standalone/public/pdf-viewer
Request: GET /pdf-viewer.html
Request: GET /pdf-viewer
File not found: /Users/bradygeorgen/Documents/workspace/pbradygeorgen/.next/standalone/public/pdf-viewer
Request: GET /pdf-viewer.html
Request: GET /pdf-viewer
File not found: /Users/bradygeorgen/Documents/workspace/pbradygeorgen/.next/standalone/public/pdf-viewer
Request: GET /pdf-viewer.html
Request: GET /pdf-viewer
File not found: /Users/bradygeorgen/Documents/workspace/pbradygeorgen/.next/standalone/public/pdf-viewer
Request: GET /pdf-viewer.html
Request: GET /pdf-viewer
File not found: /Users/bradygeorgen/Documents/workspace/pbradygeorgen/.next/standalone/public/pdf-viewer
Request: GET /pdf-viewer.html
Request: GET /pdf-viewer
File not found: /Users/bradygeorgen/Documents/workspace/pbradygeorgen/.next/standalone/public/pdf-viewer
Request: GET /pdf-viewer.html
Request: GET /pdf-viewer
File not found: /Users/bradygeorgen/Documents/workspace/pbradygeorgen/.next/standalone/public/pdf-viewer
Request: GET /pdf-viewer.html
Request: GET /pdf-viewer
File not found: /Users/bradygeorgen/Documents/workspace/pbradygeorgen/.next/standalone/public/pdf-viewer
Request: GET /pdf-viewer.html
Request: GET /pdf-viewer
File not found: /Users/bradygeorgen/Documents/workspace/pbradygeorgen/.next/standalone/public/pdf-viewer
Request: GET /pdf-viewer.html
Request: GET /pdf-viewer
File not found: /Users/bradygeorgen/Documents/workspace/pbradygeorgen/.next/standalone/public/pdf-viewer
Request: GET /pdf-viewer.html
Request: GET /pdf-viewer
File not found: /Users/bradygeorgen/Documents/workspace/pbradygeorgen/.next/standalone/public/pdf-viewer
Request: GET /pdf-viewer.html
Request: GET /pdf-viewer
File not found: /Users/bradygeorgen/Documents/workspace/pbradygeorgen/.next/standalone/public/pdf-viewer
Request: GET /pdf-viewer.html
Request: GET /pdf-viewer
File not found: /Users/bradygeorgen/Documents/workspace/pbradygeorgen/.next/standalone/public/pdf-viewer
Request: GET /pdf-viewer.html
Request: GET /pdf-viewer
File not found: /Users/bradygeorgen/Documents/workspace/pbradygeorgen/.next/standalone/public/pdf-viewer
Request: GET /pdf-viewer.html
Request: GET /pdf-viewer
File not found: /Users/bradygeorgen/Documents/workspace/pbradygeorgen/.next/standalone/public/pdf-viewer
Request: GET /pdf-viewer.html
Request: GET /pdf-viewer
File not found: /Users/bradygeorgen/Documents/workspace/pbradygeorgen/.next/standalone/public/pdf-viewer
Request: GET /pdf-viewer.html
Request: GET /pdf-viewer
File not found: /Users/bradygeorgen/Documents/workspace/pbradygeorgen/.next/standalone/public/pdf-viewer
Request: GET /pdf-viewer.html
Request: GET /pdf-viewer
File not found: /Users/bradygeorgen/Documents/workspace/pbradygeorgen/.next/standalone/public/pdf-viewer
Request: GET /pdf-viewer.html
Request: GET /pdf-viewer
File not found: /Users/bradygeorgen/Documents/workspace/pbradygeorgen/.next/standalone/public/pdf-viewer
Request: GET /pdf-viewer.html
Request: GET /pdf-viewer
File not found: /Users/bradygeorgen/Documents/workspace/pbradygeorgen/.next/standalone/public/pdf-viewer
Request: GET /pdf-viewer.html
Request: GET /pdf-viewer
File not found: /Users/bradygeorgen/Documents/workspace/pbradygeorgen/.next/standalone/public/pdf-viewer
Request: GET /pdf-viewer.html
Request: GET /pdf-viewer
File not found: /Users/bradygeorgen/Documents/workspace/pbradygeorgen/.next/standalone/public/pdf-viewer
Request: GET /pdf-viewer.html
Request: GET /pdf-viewer
File not found: /Users/bradygeorgen/Documents/workspace/pbradygeorgen/.next/standalone/public/pdf-viewer
Request: GET /pdf-viewer.html
Request: GET /pdf-viewer
File not found: /Users/bradygeorgen/Documents/workspace/pbradygeorgen/.next/standalone/public/pdf-viewer
Request: GET /pdf-viewer.html
Request: GET /pdf-viewer
File not found: /Users/bradygeorgen/Documents/workspace/pbradygeorgen/.next/standalone/public/pdf-viewer
Request: GET /pdf-viewer.html
Request: GET /pdf-viewer
File not found: /Users/bradygeorgen/Documents/workspace/pbradygeorgen/.next/standalone/public/pdf-viewer
Request: GET /pdf-viewer.html
Request: GET /pdf-viewer
File not found: /Users/bradygeorgen/Documents/workspace/pbradygeorgen/.next/standalone/public/pdf-viewer
Request: GET /pdf-viewer.html
Request: GET /pdf-viewer
File not found: /Users/bradygeorgen/Documents/workspace/pbradygeorgen/.next/standalone/public/pdf-viewer
Request: GET /pdf-viewer.html
Request: GET /pdf-viewer
File not found: /Users/bradygeorgen/Documents/workspace/pbradygeorgen/.next/standalone/public/pdf-viewer
Request: GET /pdf-viewer.html
Request: GET /pdf-viewer
File not found: /Users/bradygeorgen/Documents/workspace/pbradygeorgen/.next/standalone/public/pdf-viewer
Request: GET /pdf-viewer.html
Request: GET /pdf-viewer
File not found: /Users/bradygeorgen/Documents/workspace/pbradygeorgen/.next/standalone/public/pdf-viewer
Request: GET /pdf-viewer.html
Request: GET /pdf-viewer
File not found: /Users/bradygeorgen/Documents/workspace/pbradygeorgen/.next/standalone/public/pdf-viewer
Request: GET /pdf-viewer.html
Request: GET /pdf-viewer
File not found: /Users/bradygeorgen/Documents/workspace/pbradygeorgen/.next/standalone/public/pdf-viewer
Request: GET /pdf-viewer.html
Request: GET /pdf-viewer
File not found: /Users/bradygeorgen/Documents/workspace/pbradygeorgen/.next/standalone/public/pdf-viewer
Request: GET /pdf-viewer.html
Request: GET /pdf-viewer
File not found: /Users/bradygeorgen/Documents/workspace/pbradygeorgen/.next/standalone/public/pdf-viewer
Request: GET /pdf-viewer.html
Request: GET /pdf-viewer
File not found: /Users/bradygeorgen/Documents/workspace/pbradygeorgen/.next/standalone/public/pdf-viewer
Request: GET /pdf-viewer.html
Request: GET /pdf-viewer
File not found: /Users/bradygeorgen/Documents/workspace/pbradygeorgen/.next/standalone/public/pdf-viewer
Request: GET /pdf-viewer.html
Request: GET /pdf-viewer
File not found: /Users/bradygeorgen/Documents/workspace/pbradygeorgen/.next/standalone/public/pdf-viewer
Request: GET /pdf-viewer.html
Request: GET /pdf-viewer
File not found: /Users/bradygeorgen/Documents/workspace/pbradygeorgen/.next/standalone/public/pdf-viewer
Request: GET /pdf-viewer.html
Request: GET /pdf-viewer
File not found: /Users/bradygeorgen/Documents/workspace/pbradygeorgen/.next/standalone/public/pdf-viewer
Request: GET /pdf-viewer.html
Request: GET /pdf-viewer
File not found: /Users/bradygeorgen/Documents/workspace/pbradygeorgen/.next/standalone/public/pdf-viewer
Request: GET /pdf-viewer.html
Request: GET /pdf-viewer
File not found: /Users/bradygeorgen/Documents/workspace/pbradygeorgen/.next/standalone/public/pdf-viewer
Request: GET /pdf-viewer.html
Request: GET /pdf-viewer
File not found: /Users/bradygeorgen/Documents/workspace/pbradygeorgen/.next/standalone/public/pdf-viewer
Request: GET /pdf-viewer.html
Request: GET /pdf-viewer
File not found: /Users/bradygeorgen/Documents/workspace/pbradygeorgen/.next/standalone/public/pdf-viewer
Request: GET /pdf-viewer.html
Request: GET /pdf-viewer
File not found: /Users/bradygeorgen/Documents/workspace/pbradygeorgen/.next/standalone/public/pdf-viewer
Request: GET /pdf-viewer.html
Request: GET /
Request: GET /pdf-viewer
File not found: /Users/bradygeorgen/Documents/workspace/pbradygeorgen/.next/standalone/public/pdf-viewer
Request: GET /pdf-viewer.html
Request: GET /pdf-viewer
File not found: /Users/bradygeorgen/Documents/workspace/pbradygeorgen/.next/standalone/public/pdf-viewer
Request: GET /pdf-viewer.html
Request: GET /pdf-viewer
File not found: /Users/bradygeorgen/Documents/workspace/pbradygeorgen/.next/standalone/public/pdf-viewer
Request: GET /pdf-viewer.html
Request: GET /pdf-viewer
File not found: /Users/bradygeorgen/Documents/workspace/pbradygeorgen/.next/standalone/public/pdf-viewer
Request: GET /pdf-viewer.html
Request: GET /pdf-viewer
File not found: /Users/bradygeorgen/Documents/workspace/pbradygeorgen/.next/standalone/public/pdf-viewer
Request: GET /pdf-viewer.html
Request: GET /pdf-viewer
File not found: /Users/bradygeorgen/Documents/workspace/pbradygeorgen/.next/standalone/public/pdf-viewer
Request: GET /pdf-viewer.html
Request: GET /pdf-viewer
File not found: /Users/bradygeorgen/Documents/workspace/pbradygeorgen/.next/standalone/public/pdf-viewer
Request: GET /pdf-viewer.html
Request: GET /pdf-viewer
File not found: /Users/bradygeorgen/Documents/workspace/pbradygeorgen/.next/standalone/public/pdf-viewer
Request: GET /pdf-viewer.html
Request: GET /pdf-viewer
File not found: /Users/bradygeorgen/Documents/workspace/pbradygeorgen/.next/standalone/public/pdf-viewer
Request: GET /pdf-viewer.html
Request: GET /pdf-viewer
File not found: /Users/bradygeorgen/Documents/workspace/pbradygeorgen/.next/standalone/public/pdf-viewer
Request: GET /pdf-viewer.html
Request: GET /pdf-viewer
File not found: /Users/bradygeorgen/Documents/workspace/pbradygeorgen/.next/standalone/public/pdf-viewer
Request: GET /pdf-viewer.html
Request: GET /pdf-viewer
File not found: /Users/bradygeorgen/Documents/workspace/pbradygeorgen/.next/standalone/public/pdf-viewer
Request: GET /pdf-viewer.html
Request: GET /pdf-viewer
File not found: /Users/bradygeorgen/Documents/workspace/pbradygeorgen/.next/standalone/public/pdf-viewer
Request: GET /pdf-viewer.html
Request: GET /pdf-viewer
File not found: /Users/bradygeorgen/Documents/workspace/pbradygeorgen/.next/standalone/public/pdf-viewer
Request: GET /pdf-viewer.html
Request: GET /pdf-viewer
File not found: /Users/bradygeorgen/Documents/workspace/pbradygeorgen/.next/standalone/public/pdf-viewer
Request: GET /pdf-viewer.html
Request: GET /pdf-viewer
File not found: /Users/bradygeorgen/Documents/workspace/pbradygeorgen/.next/standalone/public/pdf-viewer
Request: GET /pdf-viewer.html
Request: GET /pdf-viewer
File not found: /Users/bradygeorgen/Documents/workspace/pbradygeorgen/.next/standalone/public/pdf-viewer
Request: GET /pdf-viewer.html
Request: GET /pdf-viewer
File not found: /Users/bradygeorgen/Documents/workspace/pbradygeorgen/.next/standalone/public/pdf-viewer
Request: GET /pdf-viewer.html
Request: GET /pdf-viewer
File not found: /Users/bradygeorgen/Documents/workspace/pbradygeorgen/.next/standalone/public/pdf-viewer
Request: GET /pdf-viewer.html
Request: GET /pdf-viewer
File not found: /Users/bradygeorgen/Documents/workspace/pbradygeorgen/.next/standalone/public/pdf-viewer
Request: GET /pdf-viewer.html
Request: GET /pdf-viewer
File not found: /Users/bradygeorgen/Documents/workspace/pbradygeorgen/.next/standalone/public/pdf-viewer
Request: GET /pdf-viewer.html
Request: GET /pdf-viewer
File not found: /Users/bradygeorgen/Documents/workspace/pbradygeorgen/.next/standalone/public/pdf-viewer
Request: GET /pdf-viewer.html
Request: GET /pdf-viewer
File not found: /Users/bradygeorgen/Documents/workspace/pbradygeorgen/.next/standalone/public/pdf-viewer
Request: GET /pdf-viewer.html
Request: GET /pdf-viewer
File not found: /Users/bradygeorgen/Documents/workspace/pbradygeorgen/.next/standalone/public/pdf-viewer
Request: GET /pdf-viewer.html
Request: GET /pdf-viewer
File not found: /Users/bradygeorgen/Documents/workspace/pbradygeorgen/.next/standalone/public/pdf-viewer
Request: GET /pdf-viewer.html
Request: GET /pdf-viewer
File not found: /Users/bradygeorgen/Documents/workspace/pbradygeorgen/.next/standalone/public/pdf-viewer
Request: GET /pdf-viewer.html
Request: GET /pdf-viewer
File not found: /Users/bradygeorgen/Documents/workspace/pbradygeorgen/.next/standalone/public/pdf-viewer
Request: GET /pdf-viewer.html
Request: GET /pdf-viewer
File not found: /Users/bradygeorgen/Documents/workspace/pbradygeorgen/.next/standalone/public/pdf-viewer
Request: GET /pdf-viewer.html
Request: GET /pdf-viewer
File not found: /Users/bradygeorgen/Documents/workspace/pbradygeorgen/.next/standalone/public/pdf-viewer
Request: GET /pdf-viewer.html
Request: GET /pdf-viewer
File not found: /Users/bradygeorgen/Documents/workspace/pbradygeorgen/.next/standalone/public/pdf-viewer
Request: GET /pdf-viewer.html
Request: GET /pdf-viewer
File not found: /Users/bradygeorgen/Documents/workspace/pbradygeorgen/.next/standalone/public/pdf-viewer
Request: GET /pdf-viewer.html
Request: GET /pdf-viewer
File not found: /Users/bradygeorgen/Documents/workspace/pbradygeorgen/.next/standalone/public/pdf-viewer
Request: GET /pdf-viewer.html
Request: GET /pdf-viewer
File not found: /Users/bradygeorgen/Documents/workspace/pbradygeorgen/.next/standalone/public/pdf-viewer
Request: GET /pdf-viewer.html
Request: GET /pdf-viewer
File not found: /Users/bradygeorgen/Documents/workspace/pbradygeorgen/.next/standalone/public/pdf-viewer
Request: GET /pdf-viewer.html
Request: GET /pdf-viewer
File not found: /Users/bradygeorgen/Documents/workspace/pbradygeorgen/.next/standalone/public/pdf-viewer
Request: GET /pdf-viewer.html
Request: GET /pdf-viewer
File not found: /Users/bradygeorgen/Documents/workspace/pbradygeorgen/.next/standalone/public/pdf-viewer
Request: GET /pdf-viewer.html
Request: GET /pdf-viewer
File not found: /Users/bradygeorgen/Documents/workspace/pbradygeorgen/.next/standalone/public/pdf-viewer
Request: GET /pdf-viewer.html
Request: GET /pdf-viewer
File not found: /Users/bradygeorgen/Documents/workspace/pbradygeorgen/.next/standalone/public/pdf-viewer
Request: GET /pdf-viewer.html
Request: GET /pdf-viewer
File not found: /Users/bradygeorgen/Documents/workspace/pbradygeorgen/.next/standalone/public/pdf-viewer
Request: GET /pdf-viewer.html
Request: GET /pdf-viewer
File not found: /Users/bradygeorgen/Documents/workspace/pbradygeorgen/.next/standalone/public/pdf-viewer
Request: GET /pdf-viewer.html
Request: GET /pdf-viewer
File not found: /Users/bradygeorgen/Documents/workspace/pbradygeorgen/.next/standalone/public/pdf-viewer
Request: GET /pdf-viewer.html
Request: GET /pdf-viewer
File not found: /Users/bradygeorgen/Documents/workspace/pbradygeorgen/.next/standalone/public/pdf-viewer
Request: GET /pdf-viewer.html
Request: GET /pdf-viewer
File not found: /Users/bradygeorgen/Documents/workspace/pbradygeorgen/.next/standalone/public/pdf-viewer
Request: GET /pdf-viewer.html
Request: GET /pdf-viewer
File not found: /Users/bradygeorgen/Documents/workspace/pbradygeorgen/.next/standalone/public/pdf-viewer
Request: GET /pdf-viewer.html
Request: GET /pdf-viewer
File not found: /Users/bradygeorgen/Documents/workspace/pbradygeorgen/.next/standalone/public/pdf-viewer
Request: GET /pdf-viewer.html
Request: GET /pdf-viewer
File not found: /Users/bradygeorgen/Documents/workspace/pbradygeorgen/.next/standalone/public/pdf-viewer
Request: GET /pdf-viewer.html
Request: GET /pdf-viewer
File not found: /Users/bradygeorgen/Documents/workspace/pbradygeorgen/.next/standalone/public/pdf-viewer
Request: GET /pdf-viewer.html
Request: GET /pdf-viewer
File not found: /Users/bradygeorgen/Documents/workspace/pbradygeorgen/.next/standalone/public/pdf-viewer
Request: GET /pdf-viewer.html
Request: GET /pdf-viewer
File not found: /Users/bradygeorgen/Documents/workspace/pbradygeorgen/.next/standalone/public/pdf-viewer
Request: GET /pdf-viewer.html
Request: GET /pdf-viewer
File not found: /Users/bradygeorgen/Documents/workspace/pbradygeorgen/.next/standalone/public/pdf-viewer
Request: GET /pdf-viewer.html
Request: GET /pdf-viewer
File not found: /Users/bradygeorgen/Documents/workspace/pbradygeorgen/.next/standalone/public/pdf-viewer
Request: GET /pdf-viewer.html
Request: GET /pdf-viewer
File not found: /Users/bradygeorgen/Documents/workspace/pbradygeorgen/.next/standalone/public/pdf-viewer
Request: GET /pdf-viewer.html
Request: GET /pdf-viewer
File not found: /Users/bradygeorgen/Documents/workspace/pbradygeorgen/.next/standalone/public/pdf-viewer
Request: GET /pdf-viewer.html
Request: GET /pdf-viewer
File not found: /Users/bradygeorgen/Documents/workspace/pbradygeorgen/.next/standalone/public/pdf-viewer
Request: GET /pdf-viewer.html
Request: GET /pdf-viewer
File not found: /Users/bradygeorgen/Documents/workspace/pbradygeorgen/.next/standalone/public/pdf-viewer
Request: GET /pdf-viewer.html
Request: GET /pdf-viewer
File not found: /Users/bradygeorgen/Documents/workspace/pbradygeorgen/.next/standalone/public/pdf-viewer
Request: GET /pdf-viewer.html
Request: GET /pdf-viewer
File not found: /Users/bradygeorgen/Documents/workspace/pbradygeorgen/.next/standalone/public/pdf-viewer
Request: GET /pdf-viewer.html
Request: GET /pdf-viewer
File not found: /Users/bradygeorgen/Documents/workspace/pbradygeorgen/.next/standalone/public/pdf-viewer
Request: GET /pdf-viewer.html
Request: GET /pdf-viewer
File not found: /Users/bradygeorgen/Documents/workspace/pbradygeorgen/.next/standalone/public/pdf-viewer
Request: GET /pdf-viewer.html
Request: GET /pdf-viewer
File not found: /Users/bradygeorgen/Documents/workspace/pbradygeorgen/.next/standalone/public/pdf-viewer
Request: GET /pdf-viewer.html
Request: GET /pdf-viewer
File not found: /Users/bradygeorgen/Documents/workspace/pbradygeorgen/.next/standalone/public/pdf-viewer
Request: GET /pdf-viewer.html
Request: GET /pdf-viewer
File not found: /Users/bradygeorgen/Documents/workspace/pbradygeorgen/.next/standalone/public/pdf-viewer
Request: GET /pdf-viewer.html
Request: GET /pdf-viewer
File not found: /Users/bradygeorgen/Documents/workspace/pbradygeorgen/.next/standalone/public/pdf-viewer
Request: GET /pdf-viewer.html
Request: GET /pdf-viewer
File not found: /Users/bradygeorgen/Documents/workspace/pbradygeorgen/.next/standalone/public/pdf-viewer
Request: GET /pdf-viewer.html
Request: GET /pdf-viewer
File not found: /Users/bradygeorgen/Documents/workspace/pbradygeorgen/.next/standalone/public/pdf-viewer
Request: GET /pdf-viewer.html
Request: GET /pdf-viewer
File not found: /Users/bradygeorgen/Documents/workspace/pbradygeorgen/.next/standalone/public/pdf-viewer
Request: GET /pdf-viewer.html
Request: GET /pdf-viewer
File not found: /Users/bradygeorgen/Documents/workspace/pbradygeorgen/.next/standalone/public/pdf-viewer
Request: GET /pdf-viewer.html
Request: GET /pdf-viewer
File not found: /Users/bradygeorgen/Documents/workspace/pbradygeorgen/.next/standalone/public/pdf-viewer
Request: GET /pdf-viewer.html
Request: GET /pdf-viewer
File not found: /Users/bradygeorgen/Documents/workspace/pbradygeorgen/.next/standalone/public/pdf-viewer
Request: GET /pdf-viewer.html
Request: GET /pdf-viewer
File not found: /Users/bradygeorgen/Documents/workspace/pbradygeorgen/.next/standalone/public/pdf-viewer
Request: GET /pdf-viewer.html
Request: GET /pdf-viewer
File not found: /Users/bradygeorgen/Documents/workspace/pbradygeorgen/.next/standalone/public/pdf-viewer
Request: GET /pdf-viewer.html
Request: GET /pdf-viewer
File not found: /Users/bradygeorgen/Documents/workspace/pbradygeorgen/.next/standalone/public/pdf-viewer
Request: GET /pdf-viewer.html
Request: GET /pdf-viewer
File not found: /Users/bradygeorgen/Documents/workspace/pbradygeorgen/.next/standalone/public/pdf-viewer
Request: GET /pdf-viewer.html
Request: GET /pdf-viewer
File not found: /Users/bradygeorgen/Documents/workspace/pbradygeorgen/.next/standalone/public/pdf-viewer
Request: GET /pdf-viewer.html
Request: GET /pdf-viewer
File not found: /Users/bradygeorgen/Documents/workspace/pbradygeorgen/.next/standalone/public/pdf-viewer
Request: GET /pdf-viewer.html
Request: GET /pdf-viewer
File not found: /Users/bradygeorgen/Documents/workspace/pbradygeorgen/.next/standalone/public/pdf-viewer
Request: GET /pdf-viewer.html
Request: GET /pdf-viewer
File not found: /Users/bradygeorgen/Documents/workspace/pbradygeorgen/.next/standalone/public/pdf-viewer
Request: GET /pdf-viewer.html
Request: GET /pdf-viewer
File not found: /Users/bradygeorgen/Documents/workspace/pbradygeorgen/.next/standalone/public/pdf-viewer
Request: GET /pdf-viewer.html
Request: GET /pdf-viewer
File not found: /Users/bradygeorgen/Documents/workspace/pbradygeorgen/.next/standalone/public/pdf-viewer
Request: GET /pdf-viewer.html
Request: GET /pdf-viewer
File not found: /Users/bradygeorgen/Documents/workspace/pbradygeorgen/.next/standalone/public/pdf-viewer
Request: GET /pdf-viewer.html
Request: GET /pdf-viewer
File not found: /Users/bradygeorgen/Documents/workspace/pbradygeorgen/.next/standalone/public/pdf-viewer
Request: GET /pdf-viewer.html
Request: GET /pdf-viewer
File not found: /Users/bradygeorgen/Documents/workspace/pbradygeorgen/.next/standalone/public/pdf-viewer
Request: GET /pdf-viewer.html
Request: GET /pdf-viewer
File not found: /Users/bradygeorgen/Documents/workspace/pbradygeorgen/.next/standalone/public/pdf-viewer
Request: GET /pdf-viewer.html
Request: GET /pdf-viewer
File not found: /Users/bradygeorgen/Documents/workspace/pbradygeorgen/.next/standalone/public/pdf-viewer
Request: GET /pdf-viewer.html
Request: GET /pdf-viewer
File not found: /Users/bradygeorgen/Documents/workspace/pbradygeorgen/.next/standalone/public/pdf-viewer
Request: GET /pdf-viewer.html
Request: GET /pdf-viewer
File not found: /Users/bradygeorgen/Documents/workspace/pbradygeorgen/.next/standalone/public/pdf-viewer
Request: GET /pdf-viewer.html
Request: GET /pdf-viewer
File not found: /Users/bradygeorgen/Documents/workspace/pbradygeorgen/.next/standalone/public/pdf-viewer
Request: GET /pdf-viewer.html
Request: GET /pdf-viewer
File not found: /Users/bradygeorgen/Documents/workspace/pbradygeorgen/.next/standalone/public/pdf-viewer
Request: GET /pdf-viewer.html
Request: GET /pdf-viewer
File not found: /Users/bradygeorgen/Documents/workspace/pbradygeorgen/.next/standalone/public/pdf-viewer
Request: GET /pdf-viewer.html
Request: GET /pdf-viewer
File not found: /Users/bradygeorgen/Documents/workspace/pbradygeorgen/.next/standalone/public/pdf-viewer
Request: GET /pdf-viewer.html
Request: GET /pdf-viewer
File not found: /Users/bradygeorgen/Documents/workspace/pbradygeorgen/.next/standalone/public/pdf-viewer
Request: GET /pdf-viewer.html
Request: GET /pdf-viewer
File not found: /Users/bradygeorgen/Documents/workspace/pbradygeorgen/.next/standalone/public/pdf-viewer
Request: GET /pdf-viewer.html
Request: GET /pdf-viewer
File not found: /Users/bradygeorgen/Documents/workspace/pbradygeorgen/.next/standalone/public/pdf-viewer
Request: GET /pdf-viewer.html
Request: GET /pdf-viewer
File not found: /Users/bradygeorgen/Documents/workspace/pbradygeorgen/.next/standalone/public/pdf-viewer
Request: GET /pdf-viewer.html
Request: GET /pdf-viewer
File not found: /Users/bradygeorgen/Documents/workspace/pbradygeorgen/.next/standalone/public/pdf-viewer
Request: GET /pdf-viewer.html
Request: GET /pdf-viewer
File not found: /Users/bradygeorgen/Documents/workspace/pbradygeorgen/.next/standalone/public/pdf-viewer
Request: GET /pdf-viewer.html
Request: GET /pdf-viewer
File not found: /Users/bradygeorgen/Documents/workspace/pbradygeorgen/.next/standalone/public/pdf-viewer
Request: GET /pdf-viewer.html
Request: GET /
Request: GET /pdf-viewer
File not found: /Users/bradygeorgen/Documents/workspace/pbradygeorgen/.next/standalone/public/pdf-viewer
Request: GET /pdf-viewer.html
Request: GET /pdf-viewer
File not found: /Users/bradygeorgen/Documents/workspace/pbradygeorgen/.next/standalone/public/pdf-viewer
Request: GET /pdf-viewer.html
Request: GET /pdf-viewer
File not found: /Users/bradygeorgen/Documents/workspace/pbradygeorgen/.next/standalone/public/pdf-viewer
Request: GET /pdf-viewer.html
Request: GET /pdf-viewer
File not found: /Users/bradygeorgen/Documents/workspace/pbradygeorgen/.next/standalone/public/pdf-viewer
Request: GET /pdf-viewer.html
Request: GET /pdf-viewer
File not found: /Users/bradygeorgen/Documents/workspace/pbradygeorgen/.next/standalone/public/pdf-viewer
Request: GET /pdf-viewer.html
Request: GET /pdf-viewer
File not found: /Users/bradygeorgen/Documents/workspace/pbradygeorgen/.next/standalone/public/pdf-viewer
Request: GET /pdf-viewer.html
Request: GET /pdf-viewer
File not found: /Users/bradygeorgen/Documents/workspace/pbradygeorgen/.next/standalone/public/pdf-viewer
Request: GET /pdf-viewer.html
Request: GET /pdf-viewer
File not found: /Users/bradygeorgen/Documents/workspace/pbradygeorgen/.next/standalone/public/pdf-viewer
Request: GET /pdf-viewer.html
Request: GET /pdf-viewer
File not found: /Users/bradygeorgen/Documents/workspace/pbradygeorgen/.next/standalone/public/pdf-viewer
Request: GET /pdf-viewer.html
Request: GET /pdf-viewer
File not found: /Users/bradygeorgen/Documents/workspace/pbradygeorgen/.next/standalone/public/pdf-viewer
Request: GET /pdf-viewer.html
Request: GET /pdf-viewer
File not found: /Users/bradygeorgen/Documents/workspace/pbradygeorgen/.next/standalone/public/pdf-viewer
Request: GET /pdf-viewer.html
Request: GET /pdf-viewer
File not found: /Users/bradygeorgen/Documents/workspace/pbradygeorgen/.next/standalone/public/pdf-viewer
Request: GET /pdf-viewer.html
Request: GET /pdf-viewer
File not found: /Users/bradygeorgen/Documents/workspace/pbradygeorgen/.next/standalone/public/pdf-viewer
Request: GET /pdf-viewer.html
Request: GET /pdf-viewer
File not found: /Users/bradygeorgen/Documents/workspace/pbradygeorgen/.next/standalone/public/pdf-viewer
Request: GET /pdf-viewer.html
Request: GET /pdf-viewer
File not found: /Users/bradygeorgen/Documents/workspace/pbradygeorgen/.next/standalone/public/pdf-viewer
Request: GET /pdf-viewer.html
Request: GET /pdf-viewer
File not found: /Users/bradygeorgen/Documents/workspace/pbradygeorgen/.next/standalone/public/pdf-viewer
Request: GET /pdf-viewer.html
Request: GET /pdf-viewer
File not found: /Users/bradygeorgen/Documents/workspace/pbradygeorgen/.next/standalone/public/pdf-viewer
Request: GET /pdf-viewer.html
Request: GET /pdf-viewer
File not found: /Users/bradygeorgen/Documents/workspace/pbradygeorgen/.next/standalone/public/pdf-viewer
Request: GET /pdf-viewer.html
Request: GET /pdf-viewer
File not found: /Users/bradygeorgen/Documents/workspace/pbradygeorgen/.next/standalone/public/pdf-viewer
Request: GET /pdf-viewer.html
Request: GET /pdf-viewer
File not found: /Users/bradygeorgen/Documents/workspace/pbradygeorgen/.next/standalone/public/pdf-viewer
Request: GET /pdf-viewer.html
Request: GET /pdf-viewer
File not found: /Users/bradygeorgen/Documents/workspace/pbradygeorgen/.next/standalone/public/pdf-viewer
Request: GET /pdf-viewer.html
Request: GET /pdf-viewer
File not found: /Users/bradygeorgen/Documents/workspace/pbradygeorgen/.next/standalone/public/pdf-viewer
Request: GET /pdf-viewer.html
Request: GET /pdf-viewer
File not found: /Users/bradygeorgen/Documents/workspace/pbradygeorgen/.next/standalone/public/pdf-viewer
Request: GET /pdf-viewer.html
Request: GET /pdf-viewer
File not found: /Users/bradygeorgen/Documents/workspace/pbradygeorgen/.next/standalone/public/pdf-viewer
Request: GET /pdf-viewer.html
Request: GET /pdf-viewer
File not found: /Users/bradygeorgen/Documents/workspace/pbradygeorgen/.next/standalone/public/pdf-viewer
Request: GET /pdf-viewer.html
Request: GET /pdf-viewer
File not found: /Users/bradygeorgen/Documents/workspace/pbradygeorgen/.next/standalone/public/pdf-viewer
Request: GET /pdf-viewer.html
Request: GET /pdf-viewer
File not found: /Users/bradygeorgen/Documents/workspace/pbradygeorgen/.next/standalone/public/pdf-viewer
Request: GET /pdf-viewer.html
Request: GET /pdf-viewer
File not found: /Users/bradygeorgen/Documents/workspace/pbradygeorgen/.next/standalone/public/pdf-viewer
Request: GET /pdf-viewer.html
Request: GET /pdf-viewer
File not found: /Users/bradygeorgen/Documents/workspace/pbradygeorgen/.next/standalone/public/pdf-viewer
Request: GET /pdf-viewer.html
Request: GET /pdf-viewer
File not found: /Users/bradygeorgen/Documents/workspace/pbradygeorgen/.next/standalone/public/pdf-viewer
Request: GET /pdf-viewer.html
Request: GET /pdf-viewer
File not found: /Users/bradygeorgen/Documents/workspace/pbradygeorgen/.next/standalone/public/pdf-viewer
Request: GET /pdf-viewer.html
Request: GET /pdf-viewer
File not found: /Users/bradygeorgen/Documents/workspace/pbradygeorgen/.next/standalone/public/pdf-viewer
Request: GET /pdf-viewer.html
Request: GET /pdf-viewer
File not found: /Users/bradygeorgen/Documents/workspace/pbradygeorgen/.next/standalone/public/pdf-viewer
Request: GET /pdf-viewer.html
Request: GET /pdf-viewer
File not found: /Users/bradygeorgen/Documents/workspace/pbradygeorgen/.next/standalone/public/pdf-viewer
Request: GET /pdf-viewer.html
Request: GET /pdf-viewer
File not found: /Users/bradygeorgen/Documents/workspace/pbradygeorgen/.next/standalone/public/pdf-viewer
Request: GET /pdf-viewer.html
Request: GET /pdf-viewer
File not found: /Users/bradygeorgen/Documents/workspace/pbradygeorgen/.next/standalone/public/pdf-viewer
Request: GET /pdf-viewer.html
Request: GET /pdf-viewer
File not found: /Users/bradygeorgen/Documents/workspace/pbradygeorgen/.next/standalone/public/pdf-viewer
Request: GET /pdf-viewer.html
Request: GET /pdf-viewer
File not found: /Users/bradygeorgen/Documents/workspace/pbradygeorgen/.next/standalone/public/pdf-viewer
Request: GET /pdf-viewer.html
Request: GET /pdf-viewer
File not found: /Users/bradygeorgen/Documents/workspace/pbradygeorgen/.next/standalone/public/pdf-viewer
Request: GET /pdf-viewer.html
Request: GET /pdf-viewer
File not found: /Users/bradygeorgen/Documents/workspace/pbradygeorgen/.next/standalone/public/pdf-viewer
Request: GET /pdf-viewer.html
Request: GET /pdf-viewer
File not found: /Users/bradygeorgen/Documents/workspace/pbradygeorgen/.next/standalone/public/pdf-viewer
Request: GET /pdf-viewer.html
Request: GET /pdf-viewer
File not found: /Users/bradygeorgen/Documents/workspace/pbradygeorgen/.next/standalone/public/pdf-viewer
Request: GET /pdf-viewer.html
Request: GET /pdf-viewer
File not found: /Users/bradygeorgen/Documents/workspace/pbradygeorgen/.next/standalone/public/pdf-viewer
Request: GET /pdf-viewer.html
Request: GET /pdf-viewer
File not found: /Users/bradygeorgen/Documents/workspace/pbradygeorgen/.next/standalone/public/pdf-viewer
Request: GET /pdf-viewer.html
Request: GET /pdf-viewer
File not found: /Users/bradygeorgen/Documents/workspace/pbradygeorgen/.next/standalone/public/pdf-viewer
Request: GET /pdf-viewer.html
Request: GET /pdf-viewer
File not found: /Users/bradygeorgen/Documents/workspace/pbradygeorgen/.next/standalone/public/pdf-viewer
Request: GET /pdf-viewer.html
Request: GET /pdf-viewer
File not found: /Users/bradygeorgen/Documents/workspace/pbradygeorgen/.next/standalone/public/pdf-viewer
Request: GET /pdf-viewer.html
Request: GET /pdf-viewer
File not found: /Users/bradygeorgen/Documents/workspace/pbradygeorgen/.next/standalone/public/pdf-viewer
Request: GET /pdf-viewer.html
Request: GET /pdf-viewer
File not found: /Users/bradygeorgen/Documents/workspace/pbradygeorgen/.next/standalone/public/pdf-viewer
Request: GET /pdf-viewer.html
Request: GET /pdf-viewer
File not found: /Users/bradygeorgen/Documents/workspace/pbradygeorgen/.next/standalone/public/pdf-viewer
Request: GET /pdf-viewer.html
Request: GET /pdf-viewer
File not found: /Users/bradygeorgen/Documents/workspace/pbradygeorgen/.next/standalone/public/pdf-viewer
Request: GET /pdf-viewer.html
Request: GET /pdf-viewer
File not found: /Users/bradygeorgen/Documents/workspace/pbradygeorgen/.next/standalone/public/pdf-viewer
Request: GET /pdf-viewer.html
Request: GET /pdf-viewer
File not found: /Users/bradygeorgen/Documents/workspace/pbradygeorgen/.next/standalone/public/pdf-viewer
Request: GET /pdf-viewer.html
Request: GET /
Request: GET /pdf-viewer
File not found: /Users/bradygeorgen/Documents/workspace/pbradygeorgen/.next/standalone/public/pdf-viewer
Request: GET /pdf-viewer.html
Request: GET /pdf-viewer
File not found: /Users/bradygeorgen/Documents/workspace/pbradygeorgen/.next/standalone/public/pdf-viewer
Request: GET /pdf-viewer.html
Request: GET /pdf-viewer
File not found: /Users/bradygeorgen/Documents/workspace/pbradygeorgen/.next/standalone/public/pdf-viewer
Request: GET /pdf-viewer.html
Request: GET /pdf-viewer
File not found: /Users/bradygeorgen/Documents/workspace/pbradygeorgen/.next/standalone/public/pdf-viewer
Request: GET /pdf-viewer.html
Request: GET /pdf-viewer
File not found: /Users/bradygeorgen/Documents/workspace/pbradygeorgen/.next/standalone/public/pdf-viewer
Request: GET /pdf-viewer.html
Request: GET /pdf-viewer
File not found: /Users/bradygeorgen/Documents/workspace/pbradygeorgen/.next/standalone/public/pdf-viewer
Request: GET /pdf-viewer.html
Request: GET /pdf-viewer
File not found: /Users/bradygeorgen/Documents/workspace/pbradygeorgen/.next/standalone/public/pdf-viewer
Request: GET /pdf-viewer.html
Request: GET /pdf-viewer
File not found: /Users/bradygeorgen/Documents/workspace/pbradygeorgen/.next/standalone/public/pdf-viewer
Request: GET /pdf-viewer.html
Request: GET /pdf-viewer
File not found: /Users/bradygeorgen/Documents/workspace/pbradygeorgen/.next/standalone/public/pdf-viewer
Request: GET /pdf-viewer.html
Request: GET /pdf-viewer
File not found: /Users/bradygeorgen/Documents/workspace/pbradygeorgen/.next/standalone/public/pdf-viewer
Request: GET /pdf-viewer.html
Request: GET /pdf-viewer
File not found: /Users/bradygeorgen/Documents/workspace/pbradygeorgen/.next/standalone/public/pdf-viewer
Request: GET /pdf-viewer.html
Request: GET /pdf-viewer
File not found: /Users/bradygeorgen/Documents/workspace/pbradygeorgen/.next/standalone/public/pdf-viewer
Request: GET /pdf-viewer.html
Request: GET /pdf-viewer
File not found: /Users/bradygeorgen/Documents/workspace/pbradygeorgen/.next/standalone/public/pdf-viewer
Request: GET /pdf-viewer.html
Request: GET /pdf-viewer
File not found: /Users/bradygeorgen/Documents/workspace/pbradygeorgen/.next/standalone/public/pdf-viewer
Request: GET /pdf-viewer.html
Request: GET /pdf-viewer
File not found: /Users/bradygeorgen/Documents/workspace/pbradygeorgen/.next/standalone/public/pdf-viewer
Request: GET /pdf-viewer.html
Request: GET /pdf-viewer
File not found: /Users/bradygeorgen/Documents/workspace/pbradygeorgen/.next/standalone/public/pdf-viewer
Request: GET /pdf-viewer.html
Request: GET /pdf-viewer
File not found: /Users/bradygeorgen/Documents/workspace/pbradygeorgen/.next/standalone/public/pdf-viewer
Request: GET /pdf-viewer.html
Request: GET /pdf-viewer
File not found: /Users/bradygeorgen/Documents/workspace/pbradygeorgen/.next/standalone/public/pdf-viewer
Request: GET /pdf-viewer.html
Request: GET /pdf-viewer
File not found: /Users/bradygeorgen/Documents/workspace/pbradygeorgen/.next/standalone/public/pdf-viewer
Request: GET /pdf-viewer.html
Request: GET /pdf-viewer
File not found: /Users/bradygeorgen/Documents/workspace/pbradygeorgen/.next/standalone/public/pdf-viewer
Request: GET /pdf-viewer.html
Request: GET /pdf-viewer
File not found: /Users/bradygeorgen/Documents/workspace/pbradygeorgen/.next/standalone/public/pdf-viewer
Request: GET /pdf-viewer.html
Request: GET /pdf-viewer
File not found: /Users/bradygeorgen/Documents/workspace/pbradygeorgen/.next/standalone/public/pdf-viewer
Request: GET /pdf-viewer.html
Request: GET /pdf-viewer
File not found: /Users/bradygeorgen/Documents/workspace/pbradygeorgen/.next/standalone/public/pdf-viewer
Request: GET /pdf-viewer.html
Request: GET /pdf-viewer
File not found: /Users/bradygeorgen/Documents/workspace/pbradygeorgen/.next/standalone/public/pdf-viewer
Request: GET /pdf-viewer.html
Request: GET /pdf-viewer
File not found: /Users/bradygeorgen/Documents/workspace/pbradygeorgen/.next/standalone/public/pdf-viewer
Request: GET /pdf-viewer.html
Request: GET /pdf-viewer
File not found: /Users/bradygeorgen/Documents/workspace/pbradygeorgen/.next/standalone/public/pdf-viewer
Request: GET /pdf-viewer.html
Request: GET /pdf-viewer
File not found: /Users/bradygeorgen/Documents/workspace/pbradygeorgen/.next/standalone/public/pdf-viewer
Request: GET /pdf-viewer.html
Request: GET /pdf-viewer
File not found: /Users/bradygeorgen/Documents/workspace/pbradygeorgen/.next/standalone/public/pdf-viewer
Request: GET /pdf-viewer.html
Request: GET /pdf-viewer
File not found: /Users/bradygeorgen/Documents/workspace/pbradygeorgen/.next/standalone/public/pdf-viewer
Request: GET /pdf-viewer.html
