Server running at http://localhost:3000/
Serving files from: /Users/bradygeorgen/Documents/workspace/pbradygeorgen/.next/standalone
Available directories:
  - .next/
  - node_modules/
  - package.json
  - public/
  - server.js
Public directory contents:
  - .DS_Store
  - analyzed/
  - components/
  - content_manifest.json
  - cover-letters/
  - debug-styles.js
  - default_resume.pdf
  - download_test_report.json
  - downloads/
  - enhanced-pdf-viewer.html
  - extracted/
  - file.svg
  - globe.svg
  - index.html
  - next.svg
  - pdf-viewer.html
  - pdf-worker/
  - robots.txt
  - temp/
  - test-pdfs/
  - uploads/
  - vercel.svg
  - window.svg
Request: GET /
Request: GET /
Request: GET /json-view
File not found: /Users/bradygeorgen/Documents/workspace/pbradygeorgen/.next/standalone/public/json-view
rning: Home page may not be loading correctly
[2025-05-10 18:30:39] ⚠️ Warning: JSON view page may not be loading correctly
[2025-05-10 18:30:39] 🎉 Application started successfully!
[2025-05-10 18:30:39] The application is running at http://localhost:3000
[2025-05-10 18:30:39] Press Ctrl+C to stop the server
